h:\downloads\graphic\download\nclgl\debug\nclgl.pdb
h:\downloads\graphic\download\nclgl\debug\nclgl.idb
h:\downloads\graphic\download\nclgl\debug\window.obj
h:\downloads\graphic\download\nclgl\debug\shader.obj
h:\downloads\graphic\download\nclgl\debug\quaternion.obj
h:\downloads\graphic\download\nclgl\debug\oglrenderer.obj
h:\downloads\graphic\download\nclgl\debug\objmesh.obj
h:\downloads\graphic\download\nclgl\debug\mouse.obj
h:\downloads\graphic\download\nclgl\debug\mesh.obj
h:\downloads\graphic\download\nclgl\debug\md5node.obj
h:\downloads\graphic\download\nclgl\debug\md5mesh.obj
h:\downloads\graphic\download\nclgl\debug\md5filedata.obj
h:\downloads\graphic\download\nclgl\debug\md5anim.obj
h:\downloads\graphic\download\nclgl\debug\matrix4.obj
h:\downloads\graphic\download\nclgl\debug\keyboard.obj
h:\downloads\graphic\download\nclgl\debug\gametimer.obj
h:\downloads\graphic\download\nclgl\debug\camera.obj
c:\users\b9010077\source\repos\graphic\download\nclgl\debug\nclgl.pdb
c:\users\b9010077\source\repos\graphic\download\nclgl\debug\nclgl.idb
c:\users\b9010077\source\repos\graphic\download\nclgl\debug\window.obj
c:\users\b9010077\source\repos\graphic\download\nclgl\debug\shader.obj
c:\users\b9010077\source\repos\graphic\download\nclgl\debug\quaternion.obj
c:\users\b9010077\source\repos\graphic\download\nclgl\debug\oglrenderer.obj
c:\users\b9010077\source\repos\graphic\download\nclgl\debug\objmesh.obj
c:\users\b9010077\source\repos\graphic\download\nclgl\debug\mouse.obj
c:\users\b9010077\source\repos\graphic\download\nclgl\debug\mesh.obj
c:\users\b9010077\source\repos\graphic\download\nclgl\debug\md5node.obj
c:\users\b9010077\source\repos\graphic\download\nclgl\debug\md5mesh.obj
c:\users\b9010077\source\repos\graphic\download\nclgl\debug\md5filedata.obj
c:\users\b9010077\source\repos\graphic\download\nclgl\debug\md5anim.obj
c:\users\b9010077\source\repos\graphic\download\nclgl\debug\matrix4.obj
c:\users\b9010077\source\repos\graphic\download\nclgl\debug\keyboard.obj
c:\users\b9010077\source\repos\graphic\download\nclgl\debug\gametimer.obj
c:\users\b9010077\source\repos\graphic\download\nclgl\debug\camera.obj
c:\users\b9010077\source\repos\graphic\download\nclgl\debug\scenenode.obj
h:\downloads\graphic\download\graphics for games\debug\nclgl.lib
c:\users\b9010077\source\repos\graphic\download\graphics for games\debug\nclgl.lib
c:\users\b9010077\source\repos\graphic\download\graphics for games\debug\nclgl.pdb
c:\users\b9010077\source\repos\graphic\download\nclgl\debug\nclgl.tlog\cl.command.1.tlog
c:\users\b9010077\source\repos\graphic\download\nclgl\debug\nclgl.tlog\cl.read.1.tlog
c:\users\b9010077\source\repos\graphic\download\nclgl\debug\nclgl.tlog\cl.write.1.tlog
c:\users\b9010077\source\repos\graphic\download\nclgl\debug\nclgl.tlog\lib-link.read.1.tlog
c:\users\b9010077\source\repos\graphic\download\nclgl\debug\nclgl.tlog\lib-link.write.1.tlog
c:\users\b9010077\source\repos\graphic\download\nclgl\debug\nclgl.tlog\lib.command.1.tlog
